[2023-01-14T19:28:50.725] [ERROR] default - Error: Missing credentials for "PLAIN"
    at SMTPConnection._formatError (D:\Back-End\17\node_modules\nodemailer\lib\smtp-connection\index.js:790:19)
    at SMTPConnection.login (D:\Back-End\17\node_modules\nodemailer\lib\smtp-connection\index.js:444:38)
    at D:\Back-End\17\node_modules\nodemailer\lib\smtp-transport\index.js:272:32
    at SMTPConnection.<anonymous> (D:\Back-End\17\node_modules\nodemailer\lib\smtp-connection\index.js:213:17)
    at Object.onceWrapper (node:events:641:28)
    at SMTPConnection.emit (node:events:527:28)
    at SMTPConnection._actionEHLO (D:\Back-End\17\node_modules\nodemailer\lib\smtp-connection\index.js:1331:14)
    at SMTPConnection._processResponse (D:\Back-End\17\node_modules\nodemailer\lib\smtp-connection\index.js:953:20)
    at SMTPConnection._onData (D:\Back-End\17\node_modules\nodemailer\lib\smtp-connection\index.js:755:14)
    at TLSSocket.SMTPConnection._onSocketData (D:\Back-End\17\node_modules\nodemailer\lib\smtp-connection\index.js:193:44) {
  code: 'EAUTH',
  command: 'API'
}
[2023-01-16T18:45:03.467] [ERROR] default - error de logeo
[2023-01-16T18:45:46.164] [ERROR] default - error de logeo
[2023-01-16T18:53:02.897] [ERROR] default - error de logeo
[2023-01-16T19:01:24.580] [ERROR] default - error de logeo
[2023-01-16T19:37:59.224] [ERROR] default - error de logeo
[2023-01-16T19:40:10.237] [ERROR] default - error de logeo
[2023-01-16T19:45:17.652] [ERROR] default - error de logeo
[2023-01-16T19:48:43.698] [ERROR] default - error de logeo
[2023-01-18T18:02:10.361] [ERROR] default - error de logeo
